Using pre-set license
Built from '2022.3/respin/2022.3.62f2-4af31df585-v2' branch; Version is '2022.3.62f3 (96770f904ca7) revision 9860879'; Using compiler version '192829333'; Build Type 'Release'
OS: 'Windows 11  (10.0.26200) 64bit Professional' Language: 'it' Physical Memory: 16284 MB
BatchMode: 1, IsHumanControllingUs: 0, StartBugReporterOnCrash: 0, Is64bit: 1, IsPro: 1

COMMAND LINE ARGUMENTS:
C:\Program Files\Unity\Hub\Editor\2022.3.62f3\Editor\Unity.exe
-adb2
-batchMode
-noUpm
-name
AssetImportWorker0
-projectPath
C:/Users/PaoloCasagrande/Desktop/PROGETTO/ConoscereLaTerra
-logFile
Logs/AssetImportWorker0.log
-srvPort
53431
Successfully changed project path to: C:/Users/PaoloCasagrande/Desktop/PROGETTO/ConoscereLaTerra
C:/Users/PaoloCasagrande/Desktop/PROGETTO/ConoscereLaTerra
[UnityMemory] Configuration Parameters - Can be set up in boot.config
    "memorysetup-bucket-allocator-granularity=16"
    "memorysetup-bucket-allocator-bucket-count=8"
    "memorysetup-bucket-allocator-block-size=33554432"
    "memorysetup-bucket-allocator-block-count=8"
    "memorysetup-main-allocator-block-size=16777216"
    "memorysetup-thread-allocator-block-size=16777216"
    "memorysetup-gfx-main-allocator-block-size=16777216"
    "memorysetup-gfx-thread-allocator-block-size=16777216"
    "memorysetup-cache-allocator-block-size=4194304"
    "memorysetup-typetree-allocator-block-size=2097152"
    "memorysetup-profiler-bucket-allocator-granularity=16"
    "memorysetup-profiler-bucket-allocator-bucket-count=8"
    "memorysetup-profiler-bucket-allocator-block-size=33554432"
    "memorysetup-profiler-bucket-allocator-block-count=8"
    "memorysetup-profiler-allocator-block-size=16777216"
    "memorysetup-profiler-editor-allocator-block-size=1048576"
    "memorysetup-temp-allocator-size-main=16777216"
    "memorysetup-job-temp-allocator-block-size=2097152"
    "memorysetup-job-temp-allocator-block-size-background=1048576"
    "memorysetup-job-temp-allocator-reduction-small-platforms=262144"
    "memorysetup-allocator-temp-initial-block-size-main=262144"
    "memorysetup-allocator-temp-initial-block-size-worker=262144"
    "memorysetup-temp-allocator-size-background-worker=32768"
    "memorysetup-temp-allocator-size-job-worker=262144"
    "memorysetup-temp-allocator-size-preload-manager=33554432"
    "memorysetup-temp-allocator-size-nav-mesh-worker=65536"
    "memorysetup-temp-allocator-size-audio-worker=65536"
    "memorysetup-temp-allocator-size-cloud-worker=32768"
    "memorysetup-temp-allocator-size-gi-baking-worker=262144"
    "memorysetup-temp-allocator-size-gfx=262144"
Player connection [27544]  Target information:

Player connection [27544]  * "[IP] 192.168.4.103 [Port] 0 [Flags] 2 [Guid] 917718623 [EditorId] 917718623 [Version] 1048832 [Id] WindowsEditor(7,PEFOMANS) [Debug] 1 [PackageName] WindowsEditor [ProjectName] Editor" 

Player connection [27544] Host joined multi-casting on [225.0.0.222:54997]...
Player connection [27544] Host joined alternative multi-casting on [225.0.0.222:34997]...
Input System module state changed to: Initialized.
[PhysX] Initialized MultithreadedTaskDispatcher with 12 workers.
Refreshing native plugins compatible for Editor in 58.16 ms, found 9 plugins.
Preloading 0 native plugins for Editor in 0.00 ms.
Initialize engine version: 2022.3.62f3 (96770f904ca7)
[Subsystems] Discovering subsystems at path C:/Program Files/Unity/Hub/Editor/2022.3.62f3/Editor/Data/Resources/UnitySubsystems
[Subsystems] Discovering subsystems at path C:/Users/PaoloCasagrande/Desktop/PROGETTO/ConoscereLaTerra/Assets
GfxDevice: creating device client; threaded=0; jobified=0
Direct3D:
    Version:  Direct3D 11.0 [level 11.1]
    Renderer: NVIDIA GeForce GTX 1080 (ID=0x1b80)
    Vendor:   NVIDIA
    VRAM:     8059 MB
    Driver:   32.0.15.8228
Initialize mono
Mono path[0] = 'C:/Program Files/Unity/Hub/Editor/2022.3.62f3/Editor/Data/Managed'
Mono path[1] = 'C:/Program Files/Unity/Hub/Editor/2022.3.62f3/Editor/Data/MonoBleedingEdge/lib/mono/unityjit-win32'
Mono config path = 'C:/Program Files/Unity/Hub/Editor/2022.3.62f3/Editor/Data/MonoBleedingEdge/etc'
Using monoOptions --debugger-agent=transport=dt_socket,embedding=1,server=y,suspend=n,address=127.0.0.1:56064
Begin MonoManager ReloadAssembly
Registering precompiled unity dll's ...
Register platform support module: C:/Program Files/Unity/Hub/Editor/2022.3.62f3/Editor/Data/PlaybackEngines/WindowsStandaloneSupport/UnityEditor.WindowsStandalone.Extensions.dll
Registered in 0.025674 seconds.
- Loaded All Assemblies, in  0.531 seconds
Native extension for WindowsStandalone target not found
Mono: successfully reloaded assembly
- Finished resetting the current domain, in  0.342 seconds
Domain Reload Profiling: 866ms
	BeginReloadAssembly (165ms)
		ExecutionOrderSort (0ms)
		DisableScriptedObjects (0ms)
		BackupInstance (0ms)
		ReleaseScriptingObjects (0ms)
		CreateAndSetChildDomain (1ms)
	RebuildCommonClasses (48ms)
	RebuildNativeTypeToScriptingClass (13ms)
	initialDomainReloadingComplete (107ms)
	LoadAllAssembliesAndSetupDomain (190ms)
		LoadAssemblies (158ms)
		RebuildTransferFunctionScriptingTraits (0ms)
		AnalyzeDomain (188ms)
			TypeCache.Refresh (186ms)
				TypeCache.ScanAssembly (169ms)
			ScanForSourceGeneratedMonoScriptInfo (0ms)
			ResolveRequiredComponents (1ms)
	FinalizeReload (342ms)
		ReleaseScriptCaches (0ms)
		RebuildScriptCaches (0ms)
		SetupLoadedEditorAssemblies (283ms)
			LogAssemblyErrors (0ms)
			InitializePlatformSupportModulesInManaged (16ms)
			SetLoadedEditorAssemblies (9ms)
			RefreshPlugins (0ms)
			BeforeProcessingInitializeOnLoad (3ms)
			ProcessInitializeOnLoadAttributes (186ms)
			ProcessInitializeOnLoadMethodAttributes (69ms)
			AfterProcessingInitializeOnLoad (0ms)
			EditorAssembliesLoaded (0ms)
		ExecutionOrderSort2 (0ms)
		AwakeInstancesAfterBackupRestoration (0ms)
========================================================================
Worker process is ready to serve import requests
Caller must complete domain reload
Begin MonoManager ReloadAssembly
- Loaded All Assemblies, in  1.040 seconds
Native extension for WindowsStandalone target not found
Mono: successfully reloaded assembly
Package Manager log level set to [2]
[Package Manager] Server::EnsureServerProcessIsRunning -- launch failed, reason: Unity was launched with the -noUpm command-line argument
[Package Manager] UpmClient::Send -- Unable to send message (not connected to UPM process).
[Package Manager] Cannot connect to Unity Package Manager local server
[Package Manager] Server::EnsureServerProcessIsRunning -- launch failed, reason: Unity was launched with the -noUpm command-line argument
[Package Manager] UpmClient::Send -- Unable to send message (not connected to UPM process).
[Package Manager] Cannot connect to Unity Package Manager local server
- Finished resetting the current domain, in  1.000 seconds
Domain Reload Profiling: 2026ms
	BeginReloadAssembly (217ms)
		ExecutionOrderSort (0ms)
		DisableScriptedObjects (7ms)
		BackupInstance (0ms)
		ReleaseScriptingObjects (0ms)
		CreateAndSetChildDomain (25ms)
	RebuildCommonClasses (44ms)
	RebuildNativeTypeToScriptingClass (13ms)
	initialDomainReloadingComplete (75ms)
	LoadAllAssembliesAndSetupDomain (676ms)
		LoadAssemblies (526ms)
		RebuildTransferFunctionScriptingTraits (0ms)
		AnalyzeDomain (288ms)
			TypeCache.Refresh (248ms)
				TypeCache.ScanAssembly (225ms)
			ScanForSourceGeneratedMonoScriptInfo (29ms)
			ResolveRequiredComponents (9ms)
	FinalizeReload (1001ms)
		ReleaseScriptCaches (0ms)
		RebuildScriptCaches (0ms)
		SetupLoadedEditorAssemblies (786ms)
			LogAssemblyErrors (0ms)
			InitializePlatformSupportModulesInManaged (11ms)
			SetLoadedEditorAssemblies (6ms)
			RefreshPlugins (0ms)
			BeforeProcessingInitializeOnLoad (130ms)
			ProcessInitializeOnLoadAttributes (514ms)
			ProcessInitializeOnLoadMethodAttributes (100ms)
			AfterProcessingInitializeOnLoad (24ms)
			EditorAssembliesLoaded (0ms)
		ExecutionOrderSort2 (0ms)
		AwakeInstancesAfterBackupRestoration (17ms)
Launched and connected shader compiler UnityShaderCompiler.exe after 0.07 seconds
Refreshing native plugins compatible for Editor in 38.71 ms, found 9 plugins.
Preloading 0 native plugins for Editor in 0.00 ms.
Unloading 4604 Unused Serialized files (Serialized files now loaded: 0)
Unloading 68 unused Assets / (79.8 KB). Loaded Objects now: 5044.
Memory consumption went from 154.6 MB to 154.5 MB.
Total: 3.928300 ms (FindLiveObjects: 0.414400 ms CreateObjectMapping: 0.199200 ms MarkObjects: 3.156800 ms  DeleteObjects: 0.157000 ms)

AssetImportParameters requested are different than current active one (requested -> active):
  custom:container-demuxer-ogg: 62fdf1f143b41e24485cea50d1cbac27 -> 
  custom:scripting/monoscript/fileName/FFR.cs: 8726cf26051bd1b118e5a19691a28e54 -> 
  custom:scripting/monoscript/fileName/OculusRestarter.cs: 086312fed17c23d20644934567c0efa4 -> 
  custom:scripting/monoscript/fileName/OculusLoader.cs: 75943a326c910f2bd8a56211a726d430 -> 
  custom:scripting/monoscript/fileName/Device.cs: 8726cf26051bd1b118e5a19691a28e54 -> 
  custom:scripting/monoscript/fileName/RegisterUpdateCallback.cs: def73981cdc11dc4478a1a149bac2f7a -> 
  custom:scripting/monoscript/fileName/OculusPlugin.cs: b73c489e2c6e49876321820e139ecb86 -> 
  custom:video-decoder-ogg-theora: a1e56fd34408186e4bbccfd4996cb3dc -> 
  custom:scripting/monoscript/fileName/OculusBoundary.cs: dbabb042f98c4339d5caa957f951bbdf -> 
  custom:framework-win-MediaFoundation: 216162199b28c13a410421893ffa2e32 -> 
  custom:CustomObjectIndexerAttribute: 9a22284fe3817be447336de3de66b15e -> 
  custom:container-demuxer-webm: 4f35f7cbe854078d1ac9338744f61a02 -> 
  custom:scripting/monoscript/fileName/OculusProjectValidator.cs: 76a31afa3d0bb0a0f93eb0c48f331df0 -> 
  custom:scripting/monoscript/fileName/DeviceLayouts.cs: 1caa856f4e25d3295f59d5ab63e9f1e4 -> 
  custom:scripting/monoscript/fileName/OculusUsages.cs: 4a9c19d207ebc7087654afe5392144aa -> 
  custom:container-muxer-webm: aa71ff27fc2769a1b78a27578f13a17b -> 
  custom:video-decoder-webm-vp8: 9c59270c3fd7afecdb556c50c9e8de78 -> 
  custom:SearchIndexIgnoredProperties: e643bd26f0fe6173181afceb89e7c659 -> 
  custom:scripting/monoscript/fileName/ColorScale.cs: 8726cf26051bd1b118e5a19691a28e54 -> 
  custom:AudioImporter_EditorPlatform: d09bf68614088b80899f8185d706f6e7 -> 
  custom:scripting/monoscript/fileName/OculusSettingsEditor.cs: 6ee7634d3eb167b2d53808d937bc1120 -> 
  custom:scripting/monoscript/fileName/EnvironmentDepth.cs: d5b2aa96b4c1b62b2759ec6948b96e47 -> 
  custom:scripting/monoscript/fileName/OculusBuildProcessor.cs: 864fc50b78919bd2f9e5313c2ad55570 -> 
  custom:scripting/monoscript/fileName/InputFocus.cs: 39e8a2a2240c6ddc65f9c92c1dad803d -> 
  custom:scripting/monoscript/fileName/OculusMetadata.cs: b3067b8a7a73630e362aa582d9922603 -> 
  custom:scripting/monoscript/fileName/MenuUtils.cs: ef61e56f05605c149332b0b451f694ed -> 
  custom:video-encoder-webm-vp8: eb34c28f22e8b96e1ab97ce403110664 -> 
  custom:audio-decoder-ogg-vorbis: bf7c407c2cedff20999df2af8eb42d56 -> 
  custom:scripting/monoscript/fileName/OculusSettings.cs: 5bfda6db89b7a63e2a9f001e908d5483 -> 
  custom:scripting/monoscript/fileName/OculusPerformance.cs: d67dc4eee8314bedf0aba14a5a97d3f2 -> 
  custom:scripting/monoscript/fileName/OculusSession.cs: 9031c3601223e87600d38a8e63e5c9eb -> 
  custom:audio-encoder-webm-vorbis: bf7c407c2cedff20999df2af8eb42d56 -> 
  custom:scripting/monoscript/fileName/OculusDevelopment.cs: dae15a4559baab566dfa4d8b06d5ef35 -> 
========================================================================
Received Import Request.
  Time since last request: 441988.127179 seconds.
  path: Assets/Samples/OpenXR Plugin/1.14.3/Controller/ControllerSampleActions.inputactions
  artifactKey: Guid(e0ca4504471ca124088e1e2cfe6804ae) Importer(815301076,1909f56bfc062723c751e8b465ee728b)
Start importing Assets/Samples/OpenXR Plugin/1.14.3/Controller/ControllerSampleActions.inputactions using Guid(e0ca4504471ca124088e1e2cfe6804ae) Importer(815301076,1909f56bfc062723c751e8b465ee728b) [PhysX] Initialized MultithreadedTaskDispatcher with 12 workers.
 -> (artifact id: '58afb296bf2ad93c28bda29c5bcf4576') in 0.040741 seconds
Number of updated asset objects reloaded before import = 0
Number of asset objects unloaded after import = 85
========================================================================
Received Prepare
Caller must complete domain reload
Begin MonoManager ReloadAssembly
- Loaded All Assemblies, in  0.887 seconds
Native extension for WindowsStandalone target not found
Mono: successfully reloaded assembly
[Package Manager] Server::EnsureServerProcessIsRunning -- launch failed, reason: Unity was launched with the -noUpm command-line argument
[Package Manager] UpmClient::Send -- Unable to send message (not connected to UPM process).
[Package Manager] Cannot connect to Unity Package Manager local server
- Finished resetting the current domain, in  1.867 seconds
Domain Reload Profiling: 2740ms
	BeginReloadAssembly (233ms)
		ExecutionOrderSort (0ms)
		DisableScriptedObjects (6ms)
		BackupInstance (0ms)
		ReleaseScriptingObjects (0ms)
		CreateAndSetChildDomain (47ms)
	RebuildCommonClasses (47ms)
	RebuildNativeTypeToScriptingClass (18ms)
	initialDomainReloadingComplete (56ms)
	LoadAllAssembliesAndSetupDomain (518ms)
		LoadAssemblies (492ms)
		RebuildTransferFunctionScriptingTraits (0ms)
		AnalyzeDomain (156ms)
			TypeCache.Refresh (114ms)
				TypeCache.ScanAssembly (100ms)
			ScanForSourceGeneratedMonoScriptInfo (29ms)
			ResolveRequiredComponents (10ms)
	FinalizeReload (1868ms)
		ReleaseScriptCaches (0ms)
		RebuildScriptCaches (0ms)
		SetupLoadedEditorAssemblies (741ms)
			LogAssemblyErrors (0ms)
			InitializePlatformSupportModulesInManaged (17ms)
			SetLoadedEditorAssemblies (5ms)
			RefreshPlugins (0ms)
			BeforeProcessingInitializeOnLoad (144ms)
			ProcessInitializeOnLoadAttributes (480ms)
			ProcessInitializeOnLoadMethodAttributes (73ms)
			AfterProcessingInitializeOnLoad (22ms)
			EditorAssembliesLoaded (0ms)
		ExecutionOrderSort2 (0ms)
		AwakeInstancesAfterBackupRestoration (15ms)
Refreshing native plugins compatible for Editor in 32.90 ms, found 9 plugins.
Preloading 0 native plugins for Editor in 0.00 ms.
Unloading 4582 Unused Serialized files (Serialized files now loaded: 0)
Unloading 61 unused Assets / (53.8 KB). Loaded Objects now: 5048.
Memory consumption went from 150.1 MB to 150.0 MB.
Total: 3.679200 ms (FindLiveObjects: 0.401400 ms CreateObjectMapping: 0.206200 ms MarkObjects: 2.974200 ms  DeleteObjects: 0.096500 ms)

Prepare: number of updated asset objects reloaded= 0
AssetImportParameters requested are different than current active one (requested -> active):
  custom:container-demuxer-ogg: 62fdf1f143b41e24485cea50d1cbac27 -> 
  custom:scripting/monoscript/fileName/FFR.cs: 8726cf26051bd1b118e5a19691a28e54 -> 
  custom:scripting/monoscript/fileName/OculusRestarter.cs: 086312fed17c23d20644934567c0efa4 -> 
  custom:scripting/monoscript/fileName/OculusLoader.cs: 75943a326c910f2bd8a56211a726d430 -> 
  custom:scripting/monoscript/fileName/Device.cs: 8726cf26051bd1b118e5a19691a28e54 -> 
  custom:scripting/monoscript/fileName/RegisterUpdateCallback.cs: def73981cdc11dc4478a1a149bac2f7a -> 
  custom:scripting/monoscript/fileName/OculusPlugin.cs: b73c489e2c6e49876321820e139ecb86 -> 
  custom:video-decoder-ogg-theora: a1e56fd34408186e4bbccfd4996cb3dc -> 
  custom:scripting/monoscript/fileName/OculusBoundary.cs: dbabb042f98c4339d5caa957f951bbdf -> 
  custom:framework-win-MediaFoundation: 216162199b28c13a410421893ffa2e32 -> 
  custom:CustomObjectIndexerAttribute: 9a22284fe3817be447336de3de66b15e -> 
  custom:container-demuxer-webm: 4f35f7cbe854078d1ac9338744f61a02 -> 
  custom:scripting/monoscript/fileName/OculusProjectValidator.cs: 76a31afa3d0bb0a0f93eb0c48f331df0 -> 
  custom:scripting/monoscript/fileName/DeviceLayouts.cs: 1caa856f4e25d3295f59d5ab63e9f1e4 -> 
  custom:scripting/monoscript/fileName/OculusUsages.cs: 4a9c19d207ebc7087654afe5392144aa -> 
  custom:container-muxer-webm: aa71ff27fc2769a1b78a27578f13a17b -> 
  custom:video-decoder-webm-vp8: 9c59270c3fd7afecdb556c50c9e8de78 -> 
  custom:SearchIndexIgnoredProperties: e643bd26f0fe6173181afceb89e7c659 -> 
  custom:scripting/monoscript/fileName/ColorScale.cs: 8726cf26051bd1b118e5a19691a28e54 -> 
  custom:AudioImporter_EditorPlatform: d09bf68614088b80899f8185d706f6e7 -> 
  custom:scripting/monoscript/fileName/OculusSettingsEditor.cs: 6ee7634d3eb167b2d53808d937bc1120 -> 
  custom:scripting/monoscript/fileName/EnvironmentDepth.cs: d5b2aa96b4c1b62b2759ec6948b96e47 -> 
  custom:scripting/monoscript/fileName/OculusBuildProcessor.cs: 864fc50b78919bd2f9e5313c2ad55570 -> 
  custom:scripting/monoscript/fileName/InputFocus.cs: 39e8a2a2240c6ddc65f9c92c1dad803d -> 
  custom:scripting/monoscript/fileName/OculusMetadata.cs: b3067b8a7a73630e362aa582d9922603 -> 
  custom:scripting/monoscript/fileName/MenuUtils.cs: ef61e56f05605c149332b0b451f694ed -> 
  custom:video-encoder-webm-vp8: eb34c28f22e8b96e1ab97ce403110664 -> 
  custom:audio-decoder-ogg-vorbis: bf7c407c2cedff20999df2af8eb42d56 -> 
  custom:scripting/monoscript/fileName/OculusSettings.cs: 5bfda6db89b7a63e2a9f001e908d5483 -> 
  custom:scripting/monoscript/fileName/OculusPerformance.cs: d67dc4eee8314bedf0aba14a5a97d3f2 -> 
  custom:scripting/monoscript/fileName/OculusSession.cs: 9031c3601223e87600d38a8e63e5c9eb -> 
  custom:audio-encoder-webm-vorbis: bf7c407c2cedff20999df2af8eb42d56 -> 
  custom:scripting/monoscript/fileName/OculusDevelopment.cs: dae15a4559baab566dfa4d8b06d5ef35 -> 
========================================================================
Received Import Request.
  Time since last request: 220.113622 seconds.
  path: Assets/Samples/OpenXR Plugin/1.14.3/Controller/ControllerSampleSettings.lighting
  artifactKey: Guid(dd1e405409c0e6449b23b661f5e1536d) Importer(815301076,1909f56bfc062723c751e8b465ee728b)
Start importing Assets/Samples/OpenXR Plugin/1.14.3/Controller/ControllerSampleSettings.lighting using Guid(dd1e405409c0e6449b23b661f5e1536d) Importer(815301076,1909f56bfc062723c751e8b465ee728b) [PhysX] Initialized MultithreadedTaskDispatcher with 12 workers.
 -> (artifact id: 'cbb1374065168de45fb10a3314410f46') in 0.015514 seconds
Number of updated asset objects reloaded before import = 0
Number of asset objects unloaded after import = 1
========================================================================
Received Import Request.
  Time since last request: 8.213184 seconds.
  path: Assets/Samples/OpenXR Plugin/1.14.3/Controller/ControllerSample.unity
  artifactKey: Guid(edb91e86bd8b7dc4ca40ad6c3167de73) Importer(815301076,1909f56bfc062723c751e8b465ee728b)
Start importing Assets/Samples/OpenXR Plugin/1.14.3/Controller/ControllerSample.unity using Guid(edb91e86bd8b7dc4ca40ad6c3167de73) Importer(815301076,1909f56bfc062723c751e8b465ee728b) [PhysX] Initialized MultithreadedTaskDispatcher with 12 workers.
 -> (artifact id: '1b5aaf9da9adf776d50ab0f10d8557a6') in 0.000952 seconds
Number of updated asset objects reloaded before import = 0
Number of asset objects unloaded after import = 0
========================================================================
Received Import Request.
  Time since last request: 11.791017 seconds.
  path: Assets/Samples/OpenXR Plugin/1.14.3/Controller/Prefabs
  artifactKey: Guid(4d44d6df0f2065a4b9af0f9ca5876bc0) Importer(815301076,1909f56bfc062723c751e8b465ee728b)
Start importing Assets/Samples/OpenXR Plugin/1.14.3/Controller/Prefabs using Guid(4d44d6df0f2065a4b9af0f9ca5876bc0) Importer(815301076,1909f56bfc062723c751e8b465ee728b) [PhysX] Initialized MultithreadedTaskDispatcher with 12 workers.
 -> (artifact id: 'ca269f6a7b6e5b6b9fcab0edeacb5453') in 0.000747 seconds
Number of updated asset objects reloaded before import = 0
Number of asset objects unloaded after import = 0
========================================================================
Received Import Request.
  Time since last request: 0.067443 seconds.
  path: Assets/Samples/OpenXR Plugin/1.14.3/Controller/Prefabs/AxisControl.prefab
  artifactKey: Guid(f57e3eacc280d3d458ff758606e5e5a8) Importer(815301076,1909f56bfc062723c751e8b465ee728b)
Start importing Assets/Samples/OpenXR Plugin/1.14.3/Controller/Prefabs/AxisControl.prefab using Guid(f57e3eacc280d3d458ff758606e5e5a8) Importer(815301076,1909f56bfc062723c751e8b465ee728b) [PhysX] Initialized MultithreadedTaskDispatcher with 12 workers.
 -> (artifact id: '8cdd03fe207a498727ae2e7abf4b6f18') in 0.037791 seconds
Number of updated asset objects reloaded before import = 0
Number of asset objects unloaded after import = 25
========================================================================
Received Import Request.
  Time since last request: 0.000027 seconds.
  path: Assets/Samples/OpenXR Plugin/1.14.3/Controller/Prefabs/ControlText.prefab
  artifactKey: Guid(0ff2eaa1d70408346a26179d75252fc4) Importer(815301076,1909f56bfc062723c751e8b465ee728b)
Start importing Assets/Samples/OpenXR Plugin/1.14.3/Controller/Prefabs/ControlText.prefab using Guid(0ff2eaa1d70408346a26179d75252fc4) Importer(815301076,1909f56bfc062723c751e8b465ee728b) [PhysX] Initialized MultithreadedTaskDispatcher with 12 workers.
 -> (artifact id: '54927a76cc12a3c6c622f0a24bf74fff') in 0.008971 seconds
Number of updated asset objects reloaded before import = 0
Number of asset objects unloaded after import = 6
========================================================================
Received Import Request.
  Time since last request: 0.000026 seconds.
  path: Assets/Samples/OpenXR Plugin/1.14.3/Controller/Prefabs/Vector2Control.prefab
  artifactKey: Guid(837cf611fc96adc49a471685e893097a) Importer(815301076,1909f56bfc062723c751e8b465ee728b)
Start importing Assets/Samples/OpenXR Plugin/1.14.3/Controller/Prefabs/Vector2Control.prefab using Guid(837cf611fc96adc49a471685e893097a) Importer(815301076,1909f56bfc062723c751e8b465ee728b) [PhysX] Initialized MultithreadedTaskDispatcher with 12 workers.
 -> (artifact id: '0191a51bbf618d797daecea9dd731203') in 0.004392 seconds
Number of updated asset objects reloaded before import = 0
Number of asset objects unloaded after import = 22
========================================================================
Received Import Request.
  Time since last request: 0.000023 seconds.
  path: Assets/Samples/OpenXR Plugin/1.14.3/Controller/Prefabs/ControlRow.prefab
  artifactKey: Guid(b6a26f020d44b1a4aa35cda05851aa22) Importer(815301076,1909f56bfc062723c751e8b465ee728b)
Start importing Assets/Samples/OpenXR Plugin/1.14.3/Controller/Prefabs/ControlRow.prefab using Guid(b6a26f020d44b1a4aa35cda05851aa22) Importer(815301076,1909f56bfc062723c751e8b465ee728b) [PhysX] Initialized MultithreadedTaskDispatcher with 12 workers.
 -> (artifact id: 'd194f71befcf1527d0c74357f2c0c08d') in 0.005615 seconds
Number of updated asset objects reloaded before import = 0
Number of asset objects unloaded after import = 14
========================================================================
Received Import Request.
  Time since last request: 0.000024 seconds.
  path: Assets/Samples/OpenXR Plugin/1.14.3/Controller/Prefabs/PoseMarker.prefab
  artifactKey: Guid(759d6c64eadd0244eb752fb65642d6d2) Importer(815301076,1909f56bfc062723c751e8b465ee728b)
Start importing Assets/Samples/OpenXR Plugin/1.14.3/Controller/Prefabs/PoseMarker.prefab using Guid(759d6c64eadd0244eb752fb65642d6d2) Importer(815301076,1909f56bfc062723c751e8b465ee728b) [PhysX] Initialized MultithreadedTaskDispatcher with 12 workers.
[PhysX] Initialized MultithreadedTaskDispatcher with 12 workers.
 -> (artifact id: 'cf81ddf4403976c2994d63fda216a69c') in 0.234444 seconds
Number of updated asset objects reloaded before import = 0
Number of asset objects unloaded after import = 40
Editor requested this worker to shutdown with reason: Scaling down because of idle timeout
TcpMessagingSession - receive error: operation aborted. errorcode: 995, details: Operazione di I/O terminata a causa dell'uscita dal thread oppure della richiesta di un'applicazione.
AssetImportWorker is now disconnected from the server
Process exiting
Exiting without the bug reporter. Application will terminate with return code 0